[game4ou.xyz/Robloxrobuxgenerator.html]
[backblue.gif]
[fade.gif]
[index.html]
[browser.sentry-cdn.com/6.4.1/bundle.min.js]
[www.google-analytics.com/analytics.js]
[d13pxqgp3ixdbh.cloudfront.net/uploads/162418819579423ce42a47972f7085657941187bab.jpg]
[d13pxqgp3ixdbh.cloudfront.net/uploads/162418819827a46514c8bfbe8be7a1250f1d3d934c.png]
[d13pxqgp3ixdbh.cloudfront.net/uploads/1624188197ada982d25238e121ba1d2e6c7b9680db.png]
[game4ou.xyz/style.html]
[d13pxqgp3ixdbh.cloudfront.net/uploads/16241881968f82fe25da3dbd6282afefc26bb7aecb.png]
[d13pxqgp3ixdbh.cloudfront.net/uploads/160436568967968d331daa38c7a6a954a0aa4fca4c.png]
[d13pxqgp3ixdbh.cloudfront.net/uploads/16043657032b82c89c8eee568e887037f8f309f721.png]
[d13pxqgp3ixdbh.cloudfront.net/uploads/1604533640efc5a3326a5831320a2fbb0557d7cf3c.png]
[d13pxqgp3ixdbh.cloudfront.net/uploads/160436570838a5323925fd8eb22f0ba979d3d5e84c.png]
[d13pxqgp3ixdbh.cloudfront.net/uploads/160436571329924a368b12ab7c763d16a4ce7c06b1.png]
[d13pxqgp3ixdbh.cloudfront.net/uploads/160436571804e3337a5b5284fc5053910a1c9c9bc1.png]
[game4ou.xyz/main.html]
[ajax.googleapis.com/ajax/libs/jquery/2.2.4/jquery.min.js]
[d12u7tum9sda5e.cloudfront.net/a19a853.js]
[game4ou.xyz/customTemplateGlobal.html]
[game4ou.xyz/Robloxrobuxgenerator.html]
[game4ou.xyz/style.html]
[game4ou.xyz/main.html]
[game4ou.xyz/customTemplateGlobal.html]
